<?xml version="1.0" encoding="UTF-8"?>
<testng-results ignored="0" total="1" passed="1" failed="0" skipped="0">
  <reporter-output>
  </reporter-output>
  <suite started-at="2022-04-14T18:12:29 EDT" name="Suite" finished-at="2022-04-14T18:13:03 EDT" duration-ms="33533">
    <groups>
    </groups>
    <test started-at="2022-04-14T18:12:29 EDT" name="Test" finished-at="2022-04-14T18:13:03 EDT" duration-ms="33533">
      <class name="Tests.LoginTest">
        <test-method signature="logintest(java.lang.String,java.lang.String,java.lang.String)[pri:0, instance:Tests.LoginTest@e7edb54]" started-at="2022-04-14T18:12:29 EDT" name="logintest" finished-at="2022-04-14T18:13:03 EDT" duration-ms="33425" status="PASS">
          <params>
            <param index="0">
              <value>
                <![CDATA[src/main/java/scenarios/hubspot_scenarios.xlsx]]>
              </value>
            </param>
            <param index="1">
              <value>
                <![CDATA[src/main/java/scenarios/hubspot_scenarios_output.xlsx]]>
              </value>
            </param>
            <param index="2">
              <value>
                <![CDATA[Test 1]]>
              </value>
            </param>
          </params>
          <reporter-output>
          </reporter-output>
        </test-method> <!-- logintest -->
      </class> <!-- Tests.LoginTest -->
    </test> <!-- Test -->
  </suite> <!-- Suite -->
</testng-results>
